{"level":"info","message":"server listening at http://localhost:28999"}
{"level":"info","message":"server listening at http://localhost:28999"}
{"level":"info","message":"server listening at http://localhost:28999"}
{"level":"info","message":"server listening at http://localhost:28999"}
{"level":"info","message":"server listening at http://localhost:28999"}
{"level":"info","message":"server listening at http://localhost:28999"}
{"level":"info","message":"server listening at http://localhost:28999"}
{"level":"info","message":"server listening at http://localhost:28999"}
{"level":"info","message":"server listening at http://localhost:28999"}
{"level":"info","message":"server listening at http://localhost:28999"}
{"level":"info","message":"server listening at http://localhost:28999"}
{"level":"info","message":"server listening at http://localhost:28999."}
{"level":"info","message":"server listening at http://localhost:28999."}
{"level":"info","message":"server listening at http://localhost:28999."}
{"level":"info","message":"server listening at http://localhost:28999."}
{"level":"info","message":"server listening at http://localhost:28999."}
{"level":"info","message":"server listening at http://localhost:28999."}
{"level":"info","message":"server listening at http://localhost:28999."}
{"level":"info","message":"server listening at http://localhost:28999."}
{"level":"info","message":"server listening at http://localhost:28999."}
{"level":"info","message":"server listening at http://localhost:28999."}
{"level":"info","message":"server listening at http://localhost:28999."}
{"level":"info","message":"server listening at http://localhost:28999."}
{"level":"info","message":"Game service created."}
{"level":"info","message":"server listening at http://localhost:28999."}
{"level":"info","message":"Game service created."}
{"level":"info","message":"server listening at http://localhost:28999."}
{"level":"info","message":"Game service created."}
{"level":"info","message":"server listening at http://localhost:28999."}
{"level":"info","message":"Game service created."}
{"level":"info","message":"server listening at http://localhost:28999."}
{"level":"info","message":"Game service created."}
{"level":"info","message":"server listening at http://localhost:28999."}
{"level":"info","message":"Game service created."}
{"level":"info","message":"server listening at http://localhost:28999."}
{"level":"info","message":"Game service created."}
{"level":"info","message":"server listening at http://localhost:28999."}
{"level":"info","message":"Client Dale Kirby with userid 7ced8fcb-85c6-47b4-ad6b-715e9fddbfa9 connected on socket tGQRU811xn7z9dEpAAAB from ::ffff:127.0.0.1"}
{"level":"info","message":"Game service created."}
{"level":"info","message":"server listening at http://localhost:28999."}
{"level":"info","message":"Client Dale Kirby with userid 7ced8fcb-85c6-47b4-ad6b-715e9fddbfa9 connected on socket SG5k03SsqQ5KoWssAAAB from ::ffff:127.0.0.1"}
{"level":"info","message":"Game service created."}
{"level":"info","message":"server listening at http://localhost:28999."}
{"level":"info","message":"Client Dale Kirby with userid 7ced8fcb-85c6-47b4-ad6b-715e9fddbfa9 connected on socket 7VxgbgCctOl6nS18AAAB from ::ffff:127.0.0.1"}
{"level":"info","message":"User 7ced8fcb-85c6-47b4-ad6b-715e9fddbfa9 is now connected"}
{"level":"info","message":"Game service created."}
{"level":"info","message":"server listening at http://localhost:28999."}
{"level":"info","message":"Client Dale Kirby with userid 7ced8fcb-85c6-47b4-ad6b-715e9fddbfa9 connected on socket WX-SX6rsrIAwrMBHAAAB from ::ffff:127.0.0.1"}
{"level":"info","message":"User 7ced8fcb-85c6-47b4-ad6b-715e9fddbfa9 is now connected"}
{"level":"info","message":"Game service created."}
{"level":"info","message":"server listening at http://localhost:28999."}
{"level":"info","message":"Game service created."}
{"level":"info","message":"server listening at http://localhost:28999."}
{"level":"info","message":"Game service created."}
{"level":"info","message":"Starting server instanceRibcage"}
{"level":"info","message":"server listening at http://localhost:28999."}
{"level":"info","message":"Game service created."}
{"level":"info","message":"Starting server instanceRibcage"}
{"level":"info","message":"Game service created."}
{"level":"info","message":"Starting server instanceRibcage"}
{"level":"info","message":"server listening at http://localhost:28999."}
{"level":"info","message":"Game service created."}
{"level":"info","message":"Starting server instanceRibcage"}
{"level":"info","message":"Starting server instance with world data: Ribcage"}
{"level":"info","message":"server listening at http://localhost:28999."}
